Determining if the function sgemm_ exists failed with the following output:
Change Dir: /home/smgarner/esp/p1/build/CMakeFiles/CMakeTmp

Run Build Command(s):/usr/bin/make cmTC_2f559/fast && /usr/bin/make  -f CMakeFiles/cmTC_2f559.dir/build.make CMakeFiles/cmTC_2f559.dir/build
make[1]: Entering directory '/home/smgarner/esp/p1/build/CMakeFiles/CMakeTmp'
Building C object CMakeFiles/cmTC_2f559.dir/CheckFunctionExists.c.o
/usr/bin/cc   -DCHECK_FUNCTION_EXISTS=sgemm_   -o CMakeFiles/cmTC_2f559.dir/CheckFunctionExists.c.o   -c /usr/local/share/cmake-3.17/Modules/CheckFunctionExists.c
Linking C executable cmTC_2f559
/usr/local/bin/cmake -E cmake_link_script CMakeFiles/cmTC_2f559.dir/link.txt --verbose=1
/usr/bin/cc  -DCHECK_FUNCTION_EXISTS=sgemm_    CMakeFiles/cmTC_2f559.dir/CheckFunctionExists.c.o  -o cmTC_2f559 
CMakeFiles/cmTC_2f559.dir/CheckFunctionExists.c.o: In function `main':
CheckFunctionExists.c:(.text+0x10): undefined reference to `sgemm_'
collect2: error: ld returned 1 exit status
CMakeFiles/cmTC_2f559.dir/build.make:106: recipe for target 'cmTC_2f559' failed
make[1]: *** [cmTC_2f559] Error 1
make[1]: Leaving directory '/home/smgarner/esp/p1/build/CMakeFiles/CMakeTmp'
Makefile:141: recipe for target 'cmTC_2f559/fast' failed
make: *** [cmTC_2f559/fast] Error 2



Performing C SOURCE FILE Test CMAKE_HAVE_LIBC_PTHREAD failed with the following output:
Change Dir: /home/smgarner/esp/p1/build/CMakeFiles/CMakeTmp

Run Build Command(s):/usr/bin/make cmTC_333cd/fast && /usr/bin/make  -f CMakeFiles/cmTC_333cd.dir/build.make CMakeFiles/cmTC_333cd.dir/build
make[1]: Entering directory '/home/smgarner/esp/p1/build/CMakeFiles/CMakeTmp'
Building C object CMakeFiles/cmTC_333cd.dir/src.c.o
/usr/bin/cc   -DCMAKE_HAVE_LIBC_PTHREAD   -o CMakeFiles/cmTC_333cd.dir/src.c.o   -c /home/smgarner/esp/p1/build/CMakeFiles/CMakeTmp/src.c
Linking C executable cmTC_333cd
/usr/local/bin/cmake -E cmake_link_script CMakeFiles/cmTC_333cd.dir/link.txt --verbose=1
/usr/bin/cc  -DCMAKE_HAVE_LIBC_PTHREAD    CMakeFiles/cmTC_333cd.dir/src.c.o  -o cmTC_333cd 
CMakeFiles/cmTC_333cd.dir/src.c.o: In function `main':
src.c:(.text+0x3c): undefined reference to `pthread_create'
src.c:(.text+0x48): undefined reference to `pthread_detach'
src.c:(.text+0x54): undefined reference to `pthread_cancel'
src.c:(.text+0x65): undefined reference to `pthread_join'
src.c:(.text+0x79): undefined reference to `pthread_atfork'
collect2: error: ld returned 1 exit status
CMakeFiles/cmTC_333cd.dir/build.make:106: recipe for target 'cmTC_333cd' failed
make[1]: *** [cmTC_333cd] Error 1
make[1]: Leaving directory '/home/smgarner/esp/p1/build/CMakeFiles/CMakeTmp'
Makefile:141: recipe for target 'cmTC_333cd/fast' failed
make: *** [cmTC_333cd/fast] Error 2


Source file was:
#include <pthread.h>

void* test_func(void* data)
{
  return data;
}

int main(void)
{
  pthread_t thread;
  pthread_create(&thread, NULL, test_func, NULL);
  pthread_detach(thread);
  pthread_cancel(thread);
  pthread_join(thread, NULL);
  pthread_atfork(NULL, NULL, NULL);
  pthread_exit(NULL);

  return 0;
}

Determining if the function pthread_create exists in the pthreads failed with the following output:
Change Dir: /home/smgarner/esp/p1/build/CMakeFiles/CMakeTmp

Run Build Command(s):/usr/bin/make cmTC_92a63/fast && /usr/bin/make  -f CMakeFiles/cmTC_92a63.dir/build.make CMakeFiles/cmTC_92a63.dir/build
make[1]: Entering directory '/home/smgarner/esp/p1/build/CMakeFiles/CMakeTmp'
Building C object CMakeFiles/cmTC_92a63.dir/CheckFunctionExists.c.o
/usr/bin/cc   -DCHECK_FUNCTION_EXISTS=pthread_create   -o CMakeFiles/cmTC_92a63.dir/CheckFunctionExists.c.o   -c /usr/local/share/cmake-3.17/Modules/CheckFunctionExists.c
Linking C executable cmTC_92a63
/usr/local/bin/cmake -E cmake_link_script CMakeFiles/cmTC_92a63.dir/link.txt --verbose=1
/usr/bin/cc  -DCHECK_FUNCTION_EXISTS=pthread_create    CMakeFiles/cmTC_92a63.dir/CheckFunctionExists.c.o  -o cmTC_92a63  -lpthreads 
/usr/bin/ld: cannot find -lpthreads
collect2: error: ld returned 1 exit status
CMakeFiles/cmTC_92a63.dir/build.make:106: recipe for target 'cmTC_92a63' failed
make[1]: *** [cmTC_92a63] Error 1
make[1]: Leaving directory '/home/smgarner/esp/p1/build/CMakeFiles/CMakeTmp'
Makefile:141: recipe for target 'cmTC_92a63/fast' failed
make: *** [cmTC_92a63/fast] Error 2



Determining if the function cheev_ exists failed with the following output:
Change Dir: /home/smgarner/esp/p1/build/CMakeFiles/CMakeTmp

Run Build Command(s):/usr/bin/make cmTC_cb4ee/fast && /usr/bin/make  -f CMakeFiles/cmTC_cb4ee.dir/build.make CMakeFiles/cmTC_cb4ee.dir/build
make[1]: Entering directory '/home/smgarner/esp/p1/build/CMakeFiles/CMakeTmp'
Building C object CMakeFiles/cmTC_cb4ee.dir/CheckFunctionExists.c.o
/usr/bin/cc   -DCHECK_FUNCTION_EXISTS=cheev_   -o CMakeFiles/cmTC_cb4ee.dir/CheckFunctionExists.c.o   -c /usr/local/share/cmake-3.17/Modules/CheckFunctionExists.c
Linking C executable cmTC_cb4ee
/usr/local/bin/cmake -E cmake_link_script CMakeFiles/cmTC_cb4ee.dir/link.txt --verbose=1
/usr/bin/cc  -DCHECK_FUNCTION_EXISTS=cheev_    CMakeFiles/cmTC_cb4ee.dir/CheckFunctionExists.c.o  -o cmTC_cb4ee  /usr/lib/libblas.so /usr/lib/libf77blas.so /usr/lib/libatlas.so -lpthread -lm -ldl 
CMakeFiles/cmTC_cb4ee.dir/CheckFunctionExists.c.o: In function `main':
CheckFunctionExists.c:(.text+0x10): undefined reference to `cheev_'
collect2: error: ld returned 1 exit status
CMakeFiles/cmTC_cb4ee.dir/build.make:109: recipe for target 'cmTC_cb4ee' failed
make[1]: *** [cmTC_cb4ee] Error 1
make[1]: Leaving directory '/home/smgarner/esp/p1/build/CMakeFiles/CMakeTmp'
Makefile:141: recipe for target 'cmTC_cb4ee/fast' failed
make: *** [cmTC_cb4ee/fast] Error 2



